<?xml version="1.0" encoding="UTF-8" ?>
<testsuite failures="0" time="0.332" errors="0" skipped="0" tests="3" name="braunimmobilien.service.UserManagerTest">
  <properties>
[...]
</properties>
  <testcase time="0.088" classname="braunimmobilien.service.UserManagerTest" name="testSaveUser"/>
  <testcase time="0.009" classname="braunimmobilien.service.UserManagerTest" name="testGetUser"/>
  <testcase time="0.234" classname="braunimmobilien.service.UserManagerTest" name="testAddAndRemoveUser"/>
</testsuite>