# JRE version: Java(TM) SE Runtime Environment (7.0_55-b13) (build 1.7.0_55-b13)
# Java VM: Java HotSpot(TM) 64-Bit Server VM (24.55-b03 mixed mode linux-amd64 compressed oops)
Heap
 PSYoungGen      total 422912K, used 23299K [0x00000007d6c00000, 0x00000007f2d80000, 0x0000000800000000)
  eden space 393216K, 0% used [0x00000007d6c00000,0x00000007d6c00000,0x00000007eec00000)
  from space 29696K, 78% used [0x00000007f0b80000,0x00000007f2240d58,0x00000007f2880000)
  to   space 32256K, 0% used [0x00000007eec00000,0x00000007eec00000,0x00000007f0b80000)
 ParOldGen       total 110080K, used 95047K [0x0000000784400000, 0x000000078af80000, 0x00000007d6c00000)
  object space 110080K, 86% used [0x0000000784400000,0x000000078a0d1fb8,0x000000078af80000)
 PSPermGen       total 37376K, used 37311K [0x000000077f200000, 0x0000000781680000, 0x0000000784400000)
  object space 37376K, 99% used [0x000000077f200000,0x000000078166ff98,0x0000000781680000)
GC Heap History (10 events):
Event: 6,928 GC heap after
Heap after GC invocations=6 (full 0):
 PSYoungGen      total 138240K, used 9469K [0x00000007d6c00000, 0x00000007e0000000, 0x0000000800000000)
  eden space 128000K, 0% used [0x00000007d6c00000,0x00000007d6c00000,0x00000007de900000)
  from space 10240K, 92% used [0x00000007df400000,0x00000007dfd3f598,0x00000007dfe00000)
  to   space 11264K, 0% used [0x00000007de900000,0x00000007de900000,0x00000007df400000)
 ParOldGen       total 84480K, used 8224K [0x0000000784400000, 0x0000000789680000, 0x00000007d6c00000)
  object space 84480K, 9% used [0x0000000784400000,0x0000000784c081a0,0x0000000789680000)
 PSPermGen       total 21504K, used 18360K [0x000000077f200000, 0x0000000780700000, 0x0000000784400000)
  object space 21504K, 85% used [0x000000077f200000,0x00000007803ee170,0x0000000780700000)
}
Event: 7,994 GC heap before
{Heap before GC invocations=7 (full 0):
 PSYoungGen      total 138240K, used 137469K [0x00000007d6c00000, 0x00000007e0000000, 0x0000000800000000)
  eden space 128000K, 100% used [0x00000007d6c00000,0x00000007de900000,0x00000007de900000)
  from space 10240K, 92% used [0x00000007df400000,0x00000007dfd3f598,0x00000007dfe00000)
  to   space 11264K, 0% used [0x00000007de900000,0x00000007de900000,0x00000007df400000)
 ParOldGen       total 84480K, used 8224K [0x0000000784400000, 0x0000000789680000, 0x00000007d6c00000)
  object space 84480K, 9% used [0x0000000784400000,0x0000000784c081a0,0x0000000789680000)
 PSPermGen       total 22528K, used 22389K [0x000000077f200000, 0x0000000780800000, 0x0000000784400000)
  object space 22528K, 99% used [0x000000077f200000,0x00000007807dd6d8,0x0000000780800000)
Event: 8,011 GC heap after
Heap after GC invocations=7 (full 0):
 PSYoungGen      total 139264K, used 11237K [0x00000007d6c00000, 0x00000007e8300000, 0x0000000800000000)
  eden space 128000K, 0% used [0x00000007d6c00000,0x00000007d6c00000,0x00000007de900000)
  from space 11264K, 99% used [0x00000007de900000,0x00000007df3f96b0,0x00000007df400000)
  to   space 14848K, 0% used [0x00000007e7480000,0x00000007e7480000,0x00000007e8300000)
 ParOldGen       total 84480K, used 11963K [0x0000000784400000, 0x0000000789680000, 0x00000007d6c00000)
  object space 84480K, 14% used [0x0000000784400000,0x0000000784faec80,0x0000000789680000)
 PSPermGen       total 22528K, used 22389K [0x000000077f200000, 0x0000000780800000, 0x0000000784400000)
  object space 22528K, 99% used [0x000000077f200000,0x00000007807dd6d8,0x0000000780800000)
}
Event: 9,337 GC heap before
{Heap before GC invocations=8 (full 0):
 PSYoungGen      total 139264K, used 139237K [0x00000007d6c00000, 0x00000007e8300000, 0x0000000800000000)
  eden space 128000K, 100% used [0x00000007d6c00000,0x00000007de900000,0x00000007de900000)
  from space 11264K, 99% used [0x00000007de900000,0x00000007df3f96b0,0x00000007df400000)
  to   space 14848K, 0% used [0x00000007e7480000,0x00000007e7480000,0x00000007e8300000)
 ParOldGen       total 84480K, used 11963K [0x0000000784400000, 0x0000000789680000, 0x00000007d6c00000)
  object space 84480K, 14% used [0x0000000784400000,0x0000000784faec80,0x0000000789680000)
 PSPermGen       total 23552K, used 23518K [0x000000077f200000, 0x0000000780900000, 0x0000000784400000)
  object space 23552K, 99% used [0x000000077f200000,0x00000007808f7898,0x0000000780900000)
Event: 9,363 GC heap after
Heap after GC invocations=8 (full 0):
 PSYoungGen      total 262144K, used 14822K [0x00000007d6c00000, 0x00000007e9400000, 0x0000000800000000)
  eden space 247296K, 0% used [0x00000007d6c00000,0x00000007d6c00000,0x00000007e5d80000)
  from space 14848K, 99% used [0x00000007e7480000,0x00000007e82f9900,0x00000007e8300000)
  to   space 23552K, 0% used [0x00000007e5d80000,0x00000007e5d80000,0x00000007e7480000)
 ParOldGen       total 84480K, used 26998K [0x0000000784400000, 0x0000000789680000, 0x00000007d6c00000)
  object space 84480K, 31% used [0x0000000784400000,0x0000000785e5d900,0x0000000789680000)
 PSPermGen       total 23552K, used 23518K [0x000000077f200000, 0x0000000780900000, 0x0000000784400000)
  object space 23552K, 99% used [0x000000077f200000,0x00000007808f7898,0x0000000780900000)
}
Event: 13,674 GC heap before
{Heap before GC invocations=9 (full 0):
 PSYoungGen      total 262144K, used 262118K [0x00000007d6c00000, 0x00000007e9400000, 0x0000000800000000)
  eden space 247296K, 100% used [0x00000007d6c00000,0x00000007e5d80000,0x00000007e5d80000)
  from space 14848K, 99% used [0x00000007e7480000,0x00000007e82f9900,0x00000007e8300000)
  to   space 23552K, 0% used [0x00000007e5d80000,0x00000007e5d80000,0x00000007e7480000)
 ParOldGen       total 84480K, used 26998K [0x0000000784400000, 0x0000000789680000, 0x00000007d6c00000)
  object space 84480K, 31% used [0x0000000784400000,0x0000000785e5d900,0x0000000789680000)
 PSPermGen       total 33280K, used 32855K [0x000000077f200000, 0x0000000781280000, 0x0000000784400000)
  object space 33280K, 98% used [0x000000077f200000,0x0000000781215cf8,0x0000000781280000)
Event: 13,698 GC heap after
Heap after GC invocations=9 (full 0):
 PSYoungGen      total 270848K, used 23551K [0x00000007d6c00000, 0x00000007f2880000, 0x0000000800000000)
  eden space 247296K, 0% used [0x00000007d6c00000,0x00000007d6c00000,0x00000007e5d80000)
  from space 23552K, 99% used [0x00000007e5d80000,0x00000007e747ffa0,0x00000007e7480000)
  to   space 29696K, 0% used [0x00000007f0b80000,0x00000007f0b80000,0x00000007f2880000)
 ParOldGen       total 84480K, used 33390K [0x0000000784400000, 0x0000000789680000, 0x00000007d6c00000)
  object space 84480K, 39% used [0x0000000784400000,0x000000078649ba98,0x0000000789680000)
 PSPermGen       total 33280K, used 32855K [0x000000077f200000, 0x0000000781280000, 0x0000000784400000)
  object space 33280K, 98% used [0x000000077f200000,0x0000000781215cf8,0x0000000781280000)
}
Event: 14,318 GC heap before
{Heap before GC invocations=10 (full 0):
 PSYoungGen      total 270848K, used 270312K [0x00000007d6c00000, 0x00000007f2880000, 0x0000000800000000)
  eden space 247296K, 99% used [0x00000007d6c00000,0x00000007e5cfa108,0x00000007e5d80000)
  from space 23552K, 99% used [0x00000007e5d80000,0x00000007e747ffa0,0x00000007e7480000)
  to   space 29696K, 0% used [0x00000007f0b80000,0x00000007f0b80000,0x00000007f2880000)
 ParOldGen       total 84480K, used 33390K [0x0000000784400000, 0x0000000789680000, 0x00000007d6c00000)
  object space 84480K, 39% used [0x0000000784400000,0x000000078649ba98,0x0000000789680000)
 PSPermGen       total 37376K, used 37311K [0x000000077f200000, 0x0000000781680000, 0x0000000784400000)
  object space 37376K, 99% used [0x000000077f200000,0x000000078166ff98,0x0000000781680000)
Event: 14,342 GC heap after
Heap after GC invocations=10 (full 0):
 PSYoungGen      total 422912K, used 23299K [0x00000007d6c00000, 0x00000007f2d80000, 0x0000000800000000)
  eden space 393216K, 0% used [0x00000007d6c00000,0x00000007d6c00000,0x00000007eec00000)
  from space 29696K, 78% used [0x00000007f0b80000,0x00000007f2240d58,0x00000007f2880000)
  to   space 32256K, 0% used [0x00000007eec00000,0x00000007eec00000,0x00000007f0b80000)
 ParOldGen       total 110080K, used 95047K [0x0000000784400000, 0x000000078af80000, 0x00000007d6c00000)
  object space 110080K, 86% used [0x0000000784400000,0x000000078a0d1fb8,0x000000078af80000)
 PSPermGen       total 37376K, used 37311K [0x000000077f200000, 0x0000000781680000, 0x0000000784400000)
  object space 37376K, 99% used [0x000000077f200000,0x000000078166ff98,0x0000000781680000)
}
Event: 14,342 GC heap before
{Heap before GC invocations=11 (full 1):
 PSYoungGen      total 422912K, used 23299K [0x00000007d6c00000, 0x00000007f2d80000, 0x0000000800000000)
  eden space 393216K, 0% used [0x00000007d6c00000,0x00000007d6c00000,0x00000007eec00000)
  from space 29696K, 78% used [0x00000007f0b80000,0x00000007f2240d58,0x00000007f2880000)
  to   space 32256K, 0% used [0x00000007eec00000,0x00000007eec00000,0x00000007f0b80000)
 ParOldGen       total 110080K, used 95047K [0x0000000784400000, 0x000000078af80000, 0x00000007d6c00000)
  object space 110080K, 86% used [0x0000000784400000,0x000000078a0d1fb8,0x000000078af80000)
 PSPermGen       total 37376K, used 37311K [0x000000077f200000, 0x0000000781680000, 0x0000000784400000)
  object space 37376K, 99% used [0x000000077f200000,0x000000078166ff98,0x0000000781680000)

